
> frontend@0.0.0 dev
> vite


  VITE v7.1.3  ready in 277 ms

  ➜  Local:   http://localhost:5173/
  ➜  Network: use --host to expose
11:26:31 [vite] (client) hmr update /src/App.jsx, /src/index.css
11:28:01 [vite] (client) hmr update /src/context/FolderContext.jsx, /src/index.css
11:28:01 [vite] (client) hmr invalidate /src/context/FolderContext.jsx Could not Fast Refresh ("default" export is incompatible). Learn more at https://github.com/vitejs/vite-plugin-react/tree/main/packages/plugin-react#consistent-components-exports
11:28:01 [vite] (client) hmr update /src/App.jsx, /src/components/layout/Sidebar.jsx, /src/components/layout/NoteList.jsx, /src/components/folders/EnhancedFolderTree.jsx
11:28:24 [vite] (client) hmr update /src/context/FolderContext.jsx, /src/index.css
11:28:24 [vite] (client) hmr invalidate /src/context/FolderContext.jsx Could not Fast Refresh ("default" export is incompatible). Learn more at https://github.com/vitejs/vite-plugin-react/tree/main/packages/plugin-react#consistent-components-exports
11:28:24 [vite] (client) hmr update /src/App.jsx, /src/components/layout/Sidebar.jsx, /src/components/layout/NoteList.jsx, /src/components/folders/EnhancedFolderTree.jsx
11:29:09 [vite] (client) hmr update /src/context/FolderContext.jsx, /src/index.css
11:29:09 [vite] (client) hmr invalidate /src/context/FolderContext.jsx Could not Fast Refresh ("default" export is incompatible). Learn more at https://github.com/vitejs/vite-plugin-react/tree/main/packages/plugin-react#consistent-components-exports
11:29:09 [vite] (client) hmr update /src/App.jsx, /src/components/layout/Sidebar.jsx, /src/components/layout/NoteList.jsx, /src/components/folders/EnhancedFolderTree.jsx
11:30:09 [vite] (client) hmr update /src/context/FolderContext.jsx, /src/index.css
11:30:09 [vite] (client) hmr invalidate /src/context/FolderContext.jsx Could not Fast Refresh ("default" export is incompatible). Learn more at https://github.com/vitejs/vite-plugin-react/tree/main/packages/plugin-react#consistent-components-exports
11:30:09 [vite] (client) hmr update /src/App.jsx, /src/components/layout/Sidebar.jsx, /src/components/layout/NoteList.jsx, /src/components/folders/EnhancedFolderTree.jsx
11:31:06 [vite] (client) hmr update /src/context/FolderContext.jsx, /src/index.css
11:31:06 [vite] (client) hmr invalidate /src/context/FolderContext.jsx Could not Fast Refresh ("default" export is incompatible). Learn more at https://github.com/vitejs/vite-plugin-react/tree/main/packages/plugin-react#consistent-components-exports
11:31:06 [vite] (client) hmr update /src/App.jsx, /src/components/layout/Sidebar.jsx, /src/components/layout/NoteList.jsx, /src/components/folders/EnhancedFolderTree.jsx
11:37:25 [vite] (client) hmr update /src/index.css, /src/components/board/Board.tsx
11:38:01 [vite] (client) hmr update /src/index.css, /src/components/board/List.tsx
11:38:55 [vite] (client) hmr update /src/index.css, /src/components/project/EnhancedProjectPage.jsx, /src/components/project/AIInsightsPanel.jsx, /src/components/project/AIPredictionsPanel.jsx, /src/components/project/AutoAssignmentPanel.jsx, /src/components/project/AIAssistant.jsx, /src/components/board/Board.tsx, /src/components/board/Card.tsx, /src/components/board/List.tsx, /src/components/project/SmartCardSuggestions.jsx
11:39:08 [vite] (client) hmr update /src/components/project/EnhancedProjectPage.jsx, /src/index.css
11:40:50 [vite] (client) hmr update /src/components/MainAppPage.jsx, /src/index.css
11:41:01 [vite] (client) hmr update /src/App.jsx, /src/index.css
12:59:14 [vite] (client) hmr update /src/index.css, /src/components/board/Board.tsx
12:59:29 [vite] (client) hmr update /src/index.css, /src/components/board/List.tsx
13:00:06 [vite] (client) hmr update /src/index.css, /src/components/board/Card.tsx
13:00:42 [vite] (client) hmr update /src/index.css, /src/components/board/Card.tsx
13:03:13 [vite] (client) hmr update /src/index.css, /src/components/board/Board.tsx
13:03:23 [vite] (client) hmr update /src/index.css, /src/components/board/Board.tsx
13:03:56 [vite] (client) hmr update /src/index.css, /src/components/board/Card.tsx
13:04:08 [vite] (client) hmr update /src/index.css, /src/components/board/Card.tsx
13:04:30 [vite] (client) hmr update /src/index.css, /src/components/board/List.tsx
13:04:47 [vite] (client) hmr update /src/index.css, /src/components/board/List.tsx
10:31:08 [vite] (client) hmr update /src/components/project/EnhancedProjectPage.jsx, /src/index.css
10:31:44 [vite] changed tsconfig file detected: /Users/monica/Documents/ai practise/记事本 9.17/frontend/tsconfig.node.json - Clearing cache and forcing full-reload to ensure TypeScript is compiled with updated config values.
10:31:44 [vite] (client) hmr update /src/index.css
10:31:54 [vite] (client) hmr update /src/index.css
10:45:06 [vite] (client) hmr update /src/index.css
10:53:12 [vite] (client) hmr update /src/index.css, /src/components/layout/UnifiedLayout.tsx
10:53:22 [vite] (client) hmr update /src/index.css, /src/components/layout/UnifiedLayout.tsx
10:53:34 [vite] (client) hmr update /src/components/MainAppPage.jsx, /src/index.css
10:53:56 [vite] (client) hmr update /src/components/MainAppPage.jsx, /src/index.css
10:59:33 [vite] (client) hmr update /src/index.css
11:07:41 [vite] (client) hmr update /src/components/common/LoadingSpinner.jsx, /src/index.css
11:08:16 [vite] (client) hmr update /src/index.css, /src/components/atlassian-ui/Button/Button.tsx
11:08:33 [vite] (client) hmr update /src/components/ProtectedRoute.jsx, /src/index.css
11:08:51 [vite] (client) hmr update /src/components/SettingsPage.jsx, /src/index.css
11:09:06 [vite] (client) hmr update /src/components/SettingsPage.jsx, /src/index.css
11:09:35 [vite] (client) hmr update /src/components/auth/LoginPage.jsx, /src/index.css
11:09:49 [vite] (client) hmr update /src/components/auth/RegisterPage.jsx, /src/index.css
11:10:03 [vite] (client) hmr update /src/components/auth/RegisterPage.jsx, /src/index.css
11:10:17 [vite] (client) hmr update /src/components/common/ErrorMessage.jsx, /src/index.css
11:10:56 [vite] (client) hmr update /src/index.css
11:11:25 [vite] (client) hmr update /src/components/common/LoadingSpinner.jsx, /src/index.css
11:11:53 [vite] (client) hmr update /src/index.css
15:30:32 [vite] (client) hmr update /src/App.jsx, /src/index.css
15:30:38 [vite] (client) hmr update /src/context/ProjectContext.jsx, /src/index.css
15:30:44 [vite] (client) hmr update /src/context/ProjectContext.jsx, /src/index.css
15:31:16 [vite] (client) hmr update /src/context/ProjectContext.jsx, /src/index.css
15:31:23 [vite] (client) hmr update /src/context/ProjectContext.jsx, /src/index.css
15:32:37 [vite] (client) hmr update /src/context/ProjectContext.jsx, /src/index.css
15:42:45 [vite] (client) hmr update /src/App.jsx, /src/index.css
15:42:52 [vite] (client) hmr update /src/context/ProjectContext.jsx, /src/index.css
15:43:20 [vite] (client) hmr update /src/App.jsx, /src/index.css
15:43:27 [vite] (client) hmr update /src/context/ProjectContext.jsx, /src/index.css
15:45:07 [vite] (client) hmr update /src/App.jsx, /src/index.css
15:45:51 [vite] (client) Pre-transform error: /Users/monica/Documents/ai practise/记事本 9.17/frontend/src/components/feedback/NotificationSystem.jsx: `useNotification` has already been exported. Exported identifiers must be unique. (308:9)

  306 |
  307 | // Named exports for direct import
> 308 | export { useNotification };
      |          ^
  309 |
  310 | // Default export
  311 | export default NotificationProvider;
  Plugin: vite:react-babel
  File: /Users/monica/Documents/ai practise/记事本 9.17/frontend/src/components/feedback/NotificationSystem.jsx:308:9
  306 |  
  307 |  // Named exports for direct import
  308 |  export { useNotification };
      |           ^
  309 |  
  310 |  // Default export
15:45:51 [vite] (client) Pre-transform error: /Users/monica/Documents/ai practise/记事本 9.17/frontend/src/components/feedback/NotificationSystem.jsx: `useNotification` has already been exported. Exported identifiers must be unique. (308:9)

  306 |
  307 | // Named exports for direct import
> 308 | export { useNotification };
      |          ^
  309 |
  310 | // Default export
  311 | export default NotificationProvider;
  Plugin: vite:react-babel
  File: /Users/monica/Documents/ai practise/记事本 9.17/frontend/src/components/feedback/NotificationSystem.jsx:308:9
  306 |  
  307 |  // Named exports for direct import
  308 |  export { useNotification };
      |           ^
  309 |  
  310 |  // Default export
15:45:51 [vite] Internal server error: /Users/monica/Documents/ai practise/记事本 9.17/frontend/src/components/feedback/NotificationSystem.jsx: `useNotification` has already been exported. Exported identifiers must be unique. (308:9)

  306 |
  307 | // Named exports for direct import
> 308 | export { useNotification };
      |          ^
  309 |
  310 | // Default export
  311 | export default NotificationProvider;
  Plugin: vite:react-babel
  File: /Users/monica/Documents/ai practise/记事本 9.17/frontend/src/components/feedback/NotificationSystem.jsx:308:9
  306 |  
  307 |  // Named exports for direct import
  308 |  export { useNotification };
      |           ^
  309 |  
  310 |  // Default export
      at constructor (/Users/monica/Documents/ai practise/记事本 9.17/frontend/node_modules/@babel/parser/lib/index.js:367:19)
      at JSXParserMixin.raise (/Users/monica/Documents/ai practise/记事本 9.17/frontend/node_modules/@babel/parser/lib/index.js:6630:19)
      at JSXParserMixin.checkDuplicateExports (/Users/monica/Documents/ai practise/记事本 9.17/frontend/node_modules/@babel/parser/lib/index.js:14081:14)
      at JSXParserMixin.checkExport (/Users/monica/Documents/ai practise/记事本 9.17/frontend/node_modules/@babel/parser/lib/index.js:14023:16)
      at JSXParserMixin.parseExport (/Users/monica/Documents/ai practise/记事本 9.17/frontend/node_modules/@babel/parser/lib/index.js:13822:12)
      at JSXParserMixin.parseStatementContent (/Users/monica/Documents/ai practise/记事本 9.17/frontend/node_modules/@babel/parser/lib/index.js:12883:27)
      at JSXParserMixin.parseStatementLike (/Users/monica/Documents/ai practise/记事本 9.17/frontend/node_modules/@babel/parser/lib/index.js:12772:17)
      at JSXParserMixin.parseModuleItem (/Users/monica/Documents/ai practise/记事本 9.17/frontend/node_modules/@babel/parser/lib/index.js:12749:17)
      at JSXParserMixin.parseBlockOrModuleBlockBody (/Users/monica/Documents/ai practise/记事本 9.17/frontend/node_modules/@babel/parser/lib/index.js:13321:36)
      at JSXParserMixin.parseBlockBody (/Users/monica/Documents/ai practise/记事本 9.17/frontend/node_modules/@babel/parser/lib/index.js:13314:10)
      at JSXParserMixin.parseProgram (/Users/monica/Documents/ai practise/记事本 9.17/frontend/node_modules/@babel/parser/lib/index.js:12630:10)
      at JSXParserMixin.parseTopLevel (/Users/monica/Documents/ai practise/记事本 9.17/frontend/node_modules/@babel/parser/lib/index.js:12620:25)
      at JSXParserMixin.parse (/Users/monica/Documents/ai practise/记事本 9.17/frontend/node_modules/@babel/parser/lib/index.js:14497:10)
      at parse (/Users/monica/Documents/ai practise/记事本 9.17/frontend/node_modules/@babel/parser/lib/index.js:14531:38)
      at parser (/Users/monica/Documents/ai practise/记事本 9.17/frontend/node_modules/@babel/core/lib/parser/index.js:41:34)
      at parser.next (<anonymous>)
      at normalizeFile (/Users/monica/Documents/ai practise/记事本 9.17/frontend/node_modules/@babel/core/lib/transformation/normalize-file.js:64:37)
      at normalizeFile.next (<anonymous>)
      at run (/Users/monica/Documents/ai practise/记事本 9.17/frontend/node_modules/@babel/core/lib/transformation/index.js:22:50)
      at run.next (<anonymous>)
      at transform (/Users/monica/Documents/ai practise/记事本 9.17/frontend/node_modules/@babel/core/lib/transform.js:22:33)
      at transform.next (<anonymous>)
      at step (/Users/monica/Documents/ai practise/记事本 9.17/frontend/node_modules/gensync/index.js:261:32)
      at /Users/monica/Documents/ai practise/记事本 9.17/frontend/node_modules/gensync/index.js:273:13
      at async.call.result.err.err (/Users/monica/Documents/ai practise/记事本 9.17/frontend/node_modules/gensync/index.js:223:11)
      at /Users/monica/Documents/ai practise/记事本 9.17/frontend/node_modules/gensync/index.js:189:28
      at /Users/monica/Documents/ai practise/记事本 9.17/frontend/node_modules/@babel/core/lib/gensync-utils/async.js:67:7
      at /Users/monica/Documents/ai practise/记事本 9.17/frontend/node_modules/gensync/index.js:113:33
      at step (/Users/monica/Documents/ai practise/记事本 9.17/frontend/node_modules/gensync/index.js:287:14)
      at /Users/monica/Documents/ai practise/记事本 9.17/frontend/node_modules/gensync/index.js:273:13
      at async.call.result.err.err (/Users/monica/Documents/ai practise/记事本 9.17/frontend/node_modules/gensync/index.js:223:11)
15:47:04 [vite] (client) hmr update /src/index.css
15:47:11 [vite] (client) hmr update /src/context/ProjectContext.jsx, /src/index.css
15:52:42 [vite] (client) hmr update /src/index.css, /src/components/board/Card.tsx
15:53:36 [vite] (client) hmr update /src/index.css, /src/components/board/Card.tsx
15:54:22 [vite] (client) hmr update /src/components/project/EnhancedProjectPage.jsx, /src/index.css
15:58:58 [vite] (client) hmr update /src/components/project/EnhancedProjectPage.jsx, /src/index.css
15:59:06 [vite] (client) hmr update /src/components/project/EnhancedProjectPage.jsx, /src/index.css
15:59:18 [vite] (client) hmr update /src/components/project/EnhancedProjectPage.jsx, /src/index.css
15:59:27 [vite] (client) hmr update /src/components/project/EnhancedProjectPage.jsx, /src/index.css
15:59:35 [vite] (client) hmr update /src/components/project/EnhancedProjectPage.jsx, /src/index.css
16:22:42 [vite] (client) hmr update /src/index.css
16:23:57 [vite] (client) hmr update /src/components/workspace/WorkspacePage.jsx, /src/index.css
16:24:08 [vite] (client) hmr update /src/components/workspace/WorkspacePage.jsx, /src/index.css
16:25:23 [vite] (client) hmr update /src/index.css
16:26:08 [vite] (client) hmr update /src/components/workspace/WorkspaceDashboard.jsx, /src/index.css
16:36:29 [vite] (client) hmr update /src/components/workspace/WorkspacePage.jsx, /src/index.css
16:36:45 [vite] (client) hmr update /src/components/workspace/WorkspacePage.jsx, /src/index.css
16:36:51 [vite] (client) hmr update /src/components/workspace/WorkspacePage.jsx, /src/index.css
